cam_r/cam.r -c 15 -e -F -i dcff.input.txt dcff.new.txt
Rod Count by (Length, Fan-In, Fan-Out):
(   10,  3,  1):     1
(   12,  1,  2):     1
(   12,  3,  1):     1
(   12,  4,  1):     2
(   14,  0,  2):     1
(   14,  0,  3):     1
(   20,  1,  3):     2

Rod Count (and # incomplete) by Direction:
    E:     4 (    0)
    S:     3 (    0)
    D:     0 (    0)
    W:     1 (    0)
    N:     1 (    0)
    U:     0 (    0)
Total:     9 (    0)

Earliest input: E
Earliest output: N

Executing up to 15 cycles....
Rod2D(<"C":E:6:16-2>)->evaluateAt(diagram, tick=0): { [Get2]{}, [Get1]{}}, Input[C] -> 1 } -> 1
Rod2D(<"D":E:8:16-2>)->evaluateAt(diagram, tick=0): { [Get2]{}, [Get1]{}}, Input[D] -> 1 } -> 1
Rod2D(<"Q":E:10:22-2>)->evaluateAt(diagram, tick=0): { [Get2]{ <"e":N:5-17:8> -> 256}, [Get1]{}}, 2 -> Output[Q] } -> 2
Rod2D(<"Q!":E:12:22-2>)->evaluateAt(diagram, tick=0): { [Get2]{ <"e":N:5-17:8> -> !256}, [Get1]{}}, 2 -> Output[Q!] } -> 2
0: inputs={
     C -> 0,
     D -> 0
  }, outputs={
     Q -> 1,
     Q! -> 1,
     a -> 0,
     b -> 0,
     c -> 0,
     d -> 0,
     e -> 0
  }
Rod2D(<"a":S:16-4:11>)->evaluateAt(diagram, tick=1): { [Get2]{}, [Get1]{ <"C":E:6:16-2> -> 1, <"D":E:8:16-2> -> 1, <"Q":E:10:22-2> -> 2, <"Q!":E:12:22-2> -> !2}}, 1 -> Output[a] } -> 1
Rod2D(<"b":S:16-4:13>)->evaluateAt(diagram, tick=1): { [Get2]{}, [Get1]{ <"C":E:6:16-2> -> 1, <"D":E:8:16-2> -> 1, <"Q":E:10:22-2> -> !2, <"Q!":E:12:22-2> -> 2}}, 1 -> Output[b] } -> 1
Rod2D(<"c":S:16-4:15>)->evaluateAt(diagram, tick=1): { [Get2]{}, [Get1]{ <"C":E:6:16-2> -> !1, <"Q":E:10:22-2> -> 2, <"Q!":E:12:22-2> -> !2}}, 1 -> Output[c] } -> 1
1: inputs={
     C -> 0,
     D -> 0
  }, outputs={
     Q -> 1,
     Q! -> 1,
     a -> 1,
     b -> 1,
     c -> 1,
     d -> 0,
     e -> 0
  }
Rod2D(<"d":W:15:7-17>)->evaluateAt(diagram, tick=3): { [Get2]{ <"a":S:16-4:11> -> !1, <"b":S:16-4:13> -> !1, <"c":S:16-4:15> -> !1}, [Get1]{}}, 2 -> Output[d] } -> 2
3: inputs={
     C -> 0,
     D -> 0
  }, outputs={
     Q -> 1,
     Q! -> 1,
     a -> 1,
     b -> 1,
     c -> 1,
     d -> 1,
     e -> 0
  }
Rod2D(<"e":N:5-17:8>)->evaluateAt(diagram, tick=4): { [Get2]{}, [Get1]{ <"d":W:15:7-17> -> !2}}, 1 -> Output[e] } -> 1
4: inputs={
     C -> 0,
     D -> 0
  }, outputs={
     Q -> 1,
     Q! -> 1,
     a -> 1,
     b -> 1,
     c -> 1,
     d -> 1,
     e -> 1
  }
Rod2D(<"C":E:6:16-2>)->evaluateAt(diagram, tick=6): { [Get2]{}, [Get1]{}}, Input[C] -> 1 } -> 1
Rod2D(<"D":E:8:16-2>)->evaluateAt(diagram, tick=6): { [Get2]{}, [Get1]{}}, Input[D] -> 1 } -> 1
Rod2D(<"Q":E:10:22-2>)->evaluateAt(diagram, tick=6): { [Get2]{ <"e":N:5-17:8> -> 1}, [Get1]{}}, 1 -> Output[Q] } -> 1
Rod2D(<"Q!":E:12:22-2>)->evaluateAt(diagram, tick=6): { [Get2]{ <"e":N:5-17:8> -> !1}, [Get1]{}}, 2 -> Output[Q!] } -> 2
6: inputs={
     C -> 0,
     D -> 0
  }, outputs={
     Q -> 1,
     Q! -> 1,
     a -> 1,
     b -> 1,
     c -> 1,
     d -> 1,
     e -> 1
  }
Rod2D(<"a":S:16-4:11>)->evaluateAt(diagram, tick=7): { [Get2]{}, [Get1]{ <"C":E:6:16-2> -> 1, <"D":E:8:16-2> -> 1, <"Q":E:10:22-2> -> 1, <"Q!":E:12:22-2> -> !2}}, 1 -> Output[a] } -> 1
Rod2D(<"b":S:16-4:13>)->evaluateAt(diagram, tick=7): { [Get2]{}, [Get1]{ <"C":E:6:16-2> -> 1, <"D":E:8:16-2> -> 1, <"Q":E:10:22-2> -> !1, <"Q!":E:12:22-2> -> 2}}, 1 -> Output[b] } -> 1
Rod2D(<"c":S:16-4:15>)->evaluateAt(diagram, tick=7): { [Get2]{}, [Get1]{ <"C":E:6:16-2> -> !1, <"Q":E:10:22-2> -> 1, <"Q!":E:12:22-2> -> !2}}, 1 -> Output[c] } -> 1
7: inputs={
     C -> 0,
     D -> 0
  }, outputs={
     Q -> 1,
     Q! -> 1,
     a -> 1,
     b -> 1,
     c -> 1,
     d -> 1,
     e -> 1
  }
Rod2D(<"d":W:15:7-17>)->evaluateAt(diagram, tick=9): { [Get2]{ <"a":S:16-4:11> -> !1, <"b":S:16-4:13> -> !1, <"c":S:16-4:15> -> !1}, [Get1]{}}, 2 -> Output[d] } -> 2
9: inputs={
     C -> 0,
     D -> 0
  }, outputs={
     Q -> 1,
     Q! -> 1,
     a -> 1,
     b -> 1,
     c -> 1,
     d -> 1,
     e -> 1
  }
Rod2D(<"e":N:5-17:8>)->evaluateAt(diagram, tick=10): { [Get2]{}, [Get1]{ <"d":W:15:7-17> -> !2}}, 1 -> Output[e] } -> 1
10: inputs={
     C -> 0,
     D -> 0
  }, outputs={
     Q -> 1,
     Q! -> 1,
     a -> 1,
     b -> 1,
     c -> 1,
     d -> 1,
     e -> 1
  }
Rod2D(<"C":E:6:16-2>)->evaluateAt(diagram, tick=12): { [Get2]{}, [Get1]{}}, Input[C] -> 2 } -> 2
Rod2D(<"D":E:8:16-2>)->evaluateAt(diagram, tick=12): { [Get2]{}, [Get1]{}}, Input[D] -> 2 } -> 2
Rod2D(<"Q":E:10:22-2>)->evaluateAt(diagram, tick=12): { [Get2]{ <"e":N:5-17:8> -> 1}, [Get1]{}}, 1 -> Output[Q] } -> 1
Rod2D(<"Q!":E:12:22-2>)->evaluateAt(diagram, tick=12): { [Get2]{ <"e":N:5-17:8> -> !1}, [Get1]{}}, 2 -> Output[Q!] } -> 2
12: inputs={
     C -> 1,
     D -> 1
  }, outputs={
     Q -> 1,
     Q! -> 1,
     a -> 1,
     b -> 1,
     c -> 1,
     d -> 1,
     e -> 1
  }
Rod2D(<"a":S:16-4:11>)->evaluateAt(diagram, tick=13): { [Get2]{}, [Get1]{ <"C":E:6:16-2> -> 2, <"D":E:8:16-2> -> 2, <"Q":E:10:22-2> -> 1, <"Q!":E:12:22-2> -> !2}}, 1 -> Output[a] } -> 1
Rod2D(<"b":S:16-4:13>)->evaluateAt(diagram, tick=13): { [Get2]{}, [Get1]{ <"C":E:6:16-2> -> 2, <"D":E:8:16-2> -> 2, <"Q":E:10:22-2> -> !1, <"Q!":E:12:22-2> -> 2}}, 2 -> Output[b] } -> 2
Rod2D(<"c":S:16-4:15>)->evaluateAt(diagram, tick=13): { [Get2]{}, [Get1]{ <"C":E:6:16-2> -> !2, <"Q":E:10:22-2> -> 1, <"Q!":E:12:22-2> -> !2}}, 1 -> Output[c] } -> 1
13: inputs={
     C -> 1,
     D -> 1
  }, outputs={
     Q -> 1,
     Q! -> 1,
     a -> 1,
     b -> 1,
     c -> 1,
     d -> 1,
     e -> 1
  }
Rod2D(<"d":W:15:7-17>)->evaluateAt(diagram, tick=15): { [Get2]{ <"a":S:16-4:11> -> !1, <"b":S:16-4:13> -> !2, <"c":S:16-4:15> -> !1}, [Get1]{}}, 1 -> Output[d] } -> 1
15: inputs={
     C -> 1,
     D -> 1
  }, outputs={
     Q -> 1,
     Q! -> 1,
     a -> 1,
     b -> 1,
     c -> 1,
     d -> 1,
     e -> 1
  }
Rod2D(<"e":N:5-17:8>)->evaluateAt(diagram, tick=16): { [Get2]{}, [Get1]{ <"d":W:15:7-17> -> !1}}, 2 -> Output[e] } -> 2
16: inputs={
     C -> 1,
     D -> 1
  }, outputs={
     Q -> 1,
     Q! -> 1,
     a -> 1,
     b -> 1,
     c -> 1,
     d -> 1,
     e -> 1
  }
Rod2D(<"C":E:6:16-2>)->evaluateAt(diagram, tick=18): { [Get2]{}, [Get1]{}}, Input[C] -> 1 } -> 1
Rod2D(<"D":E:8:16-2>)->evaluateAt(diagram, tick=18): { [Get2]{}, [Get1]{}}, Input[D] -> 1 } -> 1
Rod2D(<"Q":E:10:22-2>)->evaluateAt(diagram, tick=18): { [Get2]{ <"e":N:5-17:8> -> 2}, [Get1]{}}, 2 -> Output[Q] } -> 2
Rod2D(<"Q!":E:12:22-2>)->evaluateAt(diagram, tick=18): { [Get2]{ <"e":N:5-17:8> -> !2}, [Get1]{}}, 1 -> Output[Q!] } -> 1
18: inputs={
     C -> 0,
     D -> 0
  }, outputs={
     Q -> 1,
     Q! -> 1,
     a -> 1,
     b -> 1,
     c -> 1,
     d -> 1,
     e -> 1
  }
Rod2D(<"a":S:16-4:11>)->evaluateAt(diagram, tick=19): { [Get2]{}, [Get1]{ <"C":E:6:16-2> -> 1, <"D":E:8:16-2> -> 1, <"Q":E:10:22-2> -> 2, <"Q!":E:12:22-2> -> !1}}, 1 -> Output[a] } -> 1
Rod2D(<"b":S:16-4:13>)->evaluateAt(diagram, tick=19): { [Get2]{}, [Get1]{ <"C":E:6:16-2> -> 1, <"D":E:8:16-2> -> 1, <"Q":E:10:22-2> -> !2, <"Q!":E:12:22-2> -> 1}}, 1 -> Output[b] } -> 1
Rod2D(<"c":S:16-4:15>)->evaluateAt(diagram, tick=19): { [Get2]{}, [Get1]{ <"C":E:6:16-2> -> !1, <"Q":E:10:22-2> -> 2, <"Q!":E:12:22-2> -> !1}}, 2 -> Output[c] } -> 2
19: inputs={
     C -> 0,
     D -> 0
  }, outputs={
     Q -> 1,
     Q! -> 1,
     a -> 1,
     b -> 1,
     c -> 1,
     d -> 1,
     e -> 1
  }
Rod2D(<"d":W:15:7-17>)->evaluateAt(diagram, tick=21): { [Get2]{ <"a":S:16-4:11> -> !1, <"b":S:16-4:13> -> !1, <"c":S:16-4:15> -> !2}, [Get1]{}}, 1 -> Output[d] } -> 1
21: inputs={
     C -> 0,
     D -> 0
  }, outputs={
     Q -> 1,
     Q! -> 1,
     a -> 1,
     b -> 1,
     c -> 1,
     d -> 1,
     e -> 1
  }
Rod2D(<"e":N:5-17:8>)->evaluateAt(diagram, tick=22): { [Get2]{}, [Get1]{ <"d":W:15:7-17> -> !1}}, 2 -> Output[e] } -> 2
22: inputs={
     C -> 0,
     D -> 0
  }, outputs={
     Q -> 1,
     Q! -> 1,
     a -> 1,
     b -> 1,
     c -> 1,
     d -> 1,
     e -> 1
  }
Rod2D(<"C":E:6:16-2>)->evaluateAt(diagram, tick=24): { [Get2]{}, [Get1]{}}, Input[C] -> 1 } -> 1
Rod2D(<"D":E:8:16-2>)->evaluateAt(diagram, tick=24): { [Get2]{}, [Get1]{}}, Input[D] -> 1 } -> 1
Rod2D(<"Q":E:10:22-2>)->evaluateAt(diagram, tick=24): { [Get2]{ <"e":N:5-17:8> -> 2}, [Get1]{}}, 2 -> Output[Q] } -> 2
Rod2D(<"Q!":E:12:22-2>)->evaluateAt(diagram, tick=24): { [Get2]{ <"e":N:5-17:8> -> !2}, [Get1]{}}, 1 -> Output[Q!] } -> 1
24: inputs={
     C -> 0,
     D -> 0
  }, outputs={
     Q -> 1,
     Q! -> 1,
     a -> 1,
     b -> 1,
     c -> 1,
     d -> 1,
     e -> 1
  }
Rod2D(<"a":S:16-4:11>)->evaluateAt(diagram, tick=25): { [Get2]{}, [Get1]{ <"C":E:6:16-2> -> 1, <"D":E:8:16-2> -> 1, <"Q":E:10:22-2> -> 2, <"Q!":E:12:22-2> -> !1}}, 1 -> Output[a] } -> 1
Rod2D(<"b":S:16-4:13>)->evaluateAt(diagram, tick=25): { [Get2]{}, [Get1]{ <"C":E:6:16-2> -> 1, <"D":E:8:16-2> -> 1, <"Q":E:10:22-2> -> !2, <"Q!":E:12:22-2> -> 1}}, 1 -> Output[b] } -> 1
Rod2D(<"c":S:16-4:15>)->evaluateAt(diagram, tick=25): { [Get2]{}, [Get1]{ <"C":E:6:16-2> -> !1, <"Q":E:10:22-2> -> 2, <"Q!":E:12:22-2> -> !1}}, 2 -> Output[c] } -> 2
25: inputs={
     C -> 0,
     D -> 0
  }, outputs={
     Q -> 1,
     Q! -> 1,
     a -> 1,
     b -> 1,
     c -> 1,
     d -> 1,
     e -> 1
  }
Rod2D(<"d":W:15:7-17>)->evaluateAt(diagram, tick=27): { [Get2]{ <"a":S:16-4:11> -> !1, <"b":S:16-4:13> -> !1, <"c":S:16-4:15> -> !2}, [Get1]{}}, 1 -> Output[d] } -> 1
27: inputs={
     C -> 0,
     D -> 0
  }, outputs={
     Q -> 1,
     Q! -> 1,
     a -> 1,
     b -> 1,
     c -> 1,
     d -> 1,
     e -> 1
  }
Rod2D(<"e":N:5-17:8>)->evaluateAt(diagram, tick=28): { [Get2]{}, [Get1]{ <"d":W:15:7-17> -> !1}}, 2 -> Output[e] } -> 2
28: inputs={
     C -> 0,
     D -> 0
  }, outputs={
     Q -> 1,
     Q! -> 1,
     a -> 1,
     b -> 1,
     c -> 1,
     d -> 1,
     e -> 1
  }
Rod2D(<"C":E:6:16-2>)->evaluateAt(diagram, tick=30): { [Get2]{}, [Get1]{}}, Input[C] -> 2 } -> 2
Rod2D(<"D":E:8:16-2>)->evaluateAt(diagram, tick=30): { [Get2]{}, [Get1]{}}, Input[D] -> 1 } -> 1
Rod2D(<"Q":E:10:22-2>)->evaluateAt(diagram, tick=30): { [Get2]{ <"e":N:5-17:8> -> 2}, [Get1]{}}, 2 -> Output[Q] } -> 2
Rod2D(<"Q!":E:12:22-2>)->evaluateAt(diagram, tick=30): { [Get2]{ <"e":N:5-17:8> -> !2}, [Get1]{}}, 1 -> Output[Q!] } -> 1
30: inputs={
     C -> 1,
     D -> 0
  }, outputs={
     Q -> 1,
     Q! -> 1,
     a -> 1,
     b -> 1,
     c -> 1,
     d -> 1,
     e -> 1
  }
Rod2D(<"a":S:16-4:11>)->evaluateAt(diagram, tick=31): { [Get2]{}, [Get1]{ <"C":E:6:16-2> -> 2, <"D":E:8:16-2> -> 1, <"Q":E:10:22-2> -> 2, <"Q!":E:12:22-2> -> !1}}, 1 -> Output[a] } -> 1
Rod2D(<"b":S:16-4:13>)->evaluateAt(diagram, tick=31): { [Get2]{}, [Get1]{ <"C":E:6:16-2> -> 2, <"D":E:8:16-2> -> 1, <"Q":E:10:22-2> -> !2, <"Q!":E:12:22-2> -> 1}}, 1 -> Output[b] } -> 1
Rod2D(<"c":S:16-4:15>)->evaluateAt(diagram, tick=31): { [Get2]{}, [Get1]{ <"C":E:6:16-2> -> !2, <"Q":E:10:22-2> -> 2, <"Q!":E:12:22-2> -> !1}}, 1 -> Output[c] } -> 1
31: inputs={
     C -> 1,
     D -> 0
  }, outputs={
     Q -> 1,
     Q! -> 1,
     a -> 1,
     b -> 1,
     c -> 1,
     d -> 1,
     e -> 1
  }
Rod2D(<"d":W:15:7-17>)->evaluateAt(diagram, tick=33): { [Get2]{ <"a":S:16-4:11> -> !1, <"b":S:16-4:13> -> !1, <"c":S:16-4:15> -> !1}, [Get1]{}}, 2 -> Output[d] } -> 2
33: inputs={
     C -> 1,
     D -> 0
  }, outputs={
     Q -> 1,
     Q! -> 1,
     a -> 1,
     b -> 1,
     c -> 1,
     d -> 1,
     e -> 1
  }
Rod2D(<"e":N:5-17:8>)->evaluateAt(diagram, tick=34): { [Get2]{}, [Get1]{ <"d":W:15:7-17> -> !2}}, 1 -> Output[e] } -> 1
34: inputs={
     C -> 1,
     D -> 0
  }, outputs={
     Q -> 1,
     Q! -> 1,
     a -> 1,
     b -> 1,
     c -> 1,
     d -> 1,
     e -> 1
  }
Rod2D(<"C":E:6:16-2>)->evaluateAt(diagram, tick=36): { [Get2]{}, [Get1]{}}, Input[C] -> 1 } -> 1
Rod2D(<"D":E:8:16-2>)->evaluateAt(diagram, tick=36): { [Get2]{}, [Get1]{}}, Input[D] -> 1 } -> 1
Rod2D(<"Q":E:10:22-2>)->evaluateAt(diagram, tick=36): { [Get2]{ <"e":N:5-17:8> -> 1}, [Get1]{}}, 1 -> Output[Q] } -> 1
Rod2D(<"Q!":E:12:22-2>)->evaluateAt(diagram, tick=36): { [Get2]{ <"e":N:5-17:8> -> !1}, [Get1]{}}, 2 -> Output[Q!] } -> 2
36: inputs={
     C -> 0,
     D -> 0
  }, outputs={
     Q -> 1,
     Q! -> 1,
     a -> 1,
     b -> 1,
     c -> 1,
     d -> 1,
     e -> 1
  }
Rod2D(<"a":S:16-4:11>)->evaluateAt(diagram, tick=37): { [Get2]{}, [Get1]{ <"C":E:6:16-2> -> 1, <"D":E:8:16-2> -> 1, <"Q":E:10:22-2> -> 1, <"Q!":E:12:22-2> -> !2}}, 1 -> Output[a] } -> 1
Rod2D(<"b":S:16-4:13>)->evaluateAt(diagram, tick=37): { [Get2]{}, [Get1]{ <"C":E:6:16-2> -> 1, <"D":E:8:16-2> -> 1, <"Q":E:10:22-2> -> !1, <"Q!":E:12:22-2> -> 2}}, 1 -> Output[b] } -> 1
Rod2D(<"c":S:16-4:15>)->evaluateAt(diagram, tick=37): { [Get2]{}, [Get1]{ <"C":E:6:16-2> -> !1, <"Q":E:10:22-2> -> 1, <"Q!":E:12:22-2> -> !2}}, 1 -> Output[c] } -> 1
37: inputs={
     C -> 0,
     D -> 0
  }, outputs={
     Q -> 1,
     Q! -> 1,
     a -> 1,
     b -> 1,
     c -> 1,
     d -> 1,
     e -> 1
  }
Rod2D(<"d":W:15:7-17>)->evaluateAt(diagram, tick=39): { [Get2]{ <"a":S:16-4:11> -> !1, <"b":S:16-4:13> -> !1, <"c":S:16-4:15> -> !1}, [Get1]{}}, 2 -> Output[d] } -> 2
39: inputs={
     C -> 0,
     D -> 0
  }, outputs={
     Q -> 1,
     Q! -> 1,
     a -> 1,
     b -> 1,
     c -> 1,
     d -> 1,
     e -> 1
  }
Rod2D(<"e":N:5-17:8>)->evaluateAt(diagram, tick=40): { [Get2]{}, [Get1]{ <"d":W:15:7-17> -> !2}}, 1 -> Output[e] } -> 1
40: inputs={
     C -> 0,
     D -> 0
  }, outputs={
     Q -> 1,
     Q! -> 1,
     a -> 1,
     b -> 1,
     c -> 1,
     d -> 1,
     e -> 1
  }
Rod2D(<"C":E:6:16-2>)->evaluateAt(diagram, tick=42): { [Get2]{}, [Get1]{}}, Input[C] -> 1 } -> 1
Rod2D(<"D":E:8:16-2>)->evaluateAt(diagram, tick=42): { [Get2]{}, [Get1]{}}, Input[D] -> 1 } -> 1
Rod2D(<"Q":E:10:22-2>)->evaluateAt(diagram, tick=42): { [Get2]{ <"e":N:5-17:8> -> 1}, [Get1]{}}, 1 -> Output[Q] } -> 1
Rod2D(<"Q!":E:12:22-2>)->evaluateAt(diagram, tick=42): { [Get2]{ <"e":N:5-17:8> -> !1}, [Get1]{}}, 2 -> Output[Q!] } -> 2
42: inputs={
     C -> 0,
     D -> 0
  }, outputs={
     Q -> 1,
     Q! -> 1,
     a -> 1,
     b -> 1,
     c -> 1,
     d -> 1,
     e -> 1
  }
Rod2D(<"a":S:16-4:11>)->evaluateAt(diagram, tick=43): { [Get2]{}, [Get1]{ <"C":E:6:16-2> -> 1, <"D":E:8:16-2> -> 1, <"Q":E:10:22-2> -> 1, <"Q!":E:12:22-2> -> !2}}, 1 -> Output[a] } -> 1
Rod2D(<"b":S:16-4:13>)->evaluateAt(diagram, tick=43): { [Get2]{}, [Get1]{ <"C":E:6:16-2> -> 1, <"D":E:8:16-2> -> 1, <"Q":E:10:22-2> -> !1, <"Q!":E:12:22-2> -> 2}}, 1 -> Output[b] } -> 1
Rod2D(<"c":S:16-4:15>)->evaluateAt(diagram, tick=43): { [Get2]{}, [Get1]{ <"C":E:6:16-2> -> !1, <"Q":E:10:22-2> -> 1, <"Q!":E:12:22-2> -> !2}}, 1 -> Output[c] } -> 1
43: inputs={
     C -> 0,
     D -> 0
  }, outputs={
     Q -> 1,
     Q! -> 1,
     a -> 1,
     b -> 1,
     c -> 1,
     d -> 1,
     e -> 1
  }
Rod2D(<"d":W:15:7-17>)->evaluateAt(diagram, tick=45): { [Get2]{ <"a":S:16-4:11> -> !1, <"b":S:16-4:13> -> !1, <"c":S:16-4:15> -> !1}, [Get1]{}}, 2 -> Output[d] } -> 2
45: inputs={
     C -> 0,
     D -> 0
  }, outputs={
     Q -> 1,
     Q! -> 1,
     a -> 1,
     b -> 1,
     c -> 1,
     d -> 1,
     e -> 1
  }
Rod2D(<"e":N:5-17:8>)->evaluateAt(diagram, tick=46): { [Get2]{}, [Get1]{ <"d":W:15:7-17> -> !2}}, 1 -> Output[e] } -> 1
46: inputs={
     C -> 0,
     D -> 0
  }, outputs={
     Q -> 1,
     Q! -> 1,
     a -> 1,
     b -> 1,
     c -> 1,
     d -> 1,
     e -> 1
  }
Rod2D(<"C":E:6:16-2>)->evaluateAt(diagram, tick=48): { [Get2]{}, [Get1]{}}, Input[C] -> 1 } -> 1
Rod2D(<"D":E:8:16-2>)->evaluateAt(diagram, tick=48): { [Get2]{}, [Get1]{}}, Input[D] -> 2 } -> 2
Rod2D(<"Q":E:10:22-2>)->evaluateAt(diagram, tick=48): { [Get2]{ <"e":N:5-17:8> -> 1}, [Get1]{}}, 1 -> Output[Q] } -> 1
Rod2D(<"Q!":E:12:22-2>)->evaluateAt(diagram, tick=48): { [Get2]{ <"e":N:5-17:8> -> !1}, [Get1]{}}, 2 -> Output[Q!] } -> 2
48: inputs={
     C -> 0,
     D -> 1
  }, outputs={
     Q -> 1,
     Q! -> 1,
     a -> 1,
     b -> 1,
     c -> 1,
     d -> 1,
     e -> 1
  }
Rod2D(<"a":S:16-4:11>)->evaluateAt(diagram, tick=49): { [Get2]{}, [Get1]{ <"C":E:6:16-2> -> 1, <"D":E:8:16-2> -> 2, <"Q":E:10:22-2> -> 1, <"Q!":E:12:22-2> -> !2}}, 1 -> Output[a] } -> 1
Rod2D(<"b":S:16-4:13>)->evaluateAt(diagram, tick=49): { [Get2]{}, [Get1]{ <"C":E:6:16-2> -> 1, <"D":E:8:16-2> -> 2, <"Q":E:10:22-2> -> !1, <"Q!":E:12:22-2> -> 2}}, 1 -> Output[b] } -> 1
Rod2D(<"c":S:16-4:15>)->evaluateAt(diagram, tick=49): { [Get2]{}, [Get1]{ <"C":E:6:16-2> -> !1, <"Q":E:10:22-2> -> 1, <"Q!":E:12:22-2> -> !2}}, 1 -> Output[c] } -> 1
49: inputs={
     C -> 0,
     D -> 1
  }, outputs={
     Q -> 1,
     Q! -> 1,
     a -> 1,
     b -> 1,
     c -> 1,
     d -> 1,
     e -> 1
  }
Rod2D(<"d":W:15:7-17>)->evaluateAt(diagram, tick=51): { [Get2]{ <"a":S:16-4:11> -> !1, <"b":S:16-4:13> -> !1, <"c":S:16-4:15> -> !1}, [Get1]{}}, 2 -> Output[d] } -> 2
51: inputs={
     C -> 0,
     D -> 1
  }, outputs={
     Q -> 1,
     Q! -> 1,
     a -> 1,
     b -> 1,
     c -> 1,
     d -> 1,
     e -> 1
  }
Rod2D(<"e":N:5-17:8>)->evaluateAt(diagram, tick=52): { [Get2]{}, [Get1]{ <"d":W:15:7-17> -> !2}}, 1 -> Output[e] } -> 1
52: inputs={
     C -> 0,
     D -> 1
  }, outputs={
     Q -> 1,
     Q! -> 1,
     a -> 1,
     b -> 1,
     c -> 1,
     d -> 1,
     e -> 1
  }
Rod2D(<"C":E:6:16-2>)->evaluateAt(diagram, tick=54): { [Get2]{}, [Get1]{}}, Input[C] -> 1 } -> 1
Rod2D(<"D":E:8:16-2>)->evaluateAt(diagram, tick=54): { [Get2]{}, [Get1]{}}, Input[D] -> 1 } -> 1
Rod2D(<"Q":E:10:22-2>)->evaluateAt(diagram, tick=54): { [Get2]{ <"e":N:5-17:8> -> 1}, [Get1]{}}, 1 -> Output[Q] } -> 1
Rod2D(<"Q!":E:12:22-2>)->evaluateAt(diagram, tick=54): { [Get2]{ <"e":N:5-17:8> -> !1}, [Get1]{}}, 2 -> Output[Q!] } -> 2
54: inputs={
     C -> 0,
     D -> 0
  }, outputs={
     Q -> 1,
     Q! -> 1,
     a -> 1,
     b -> 1,
     c -> 1,
     d -> 1,
     e -> 1
  }
Rod2D(<"a":S:16-4:11>)->evaluateAt(diagram, tick=55): { [Get2]{}, [Get1]{ <"C":E:6:16-2> -> 1, <"D":E:8:16-2> -> 1, <"Q":E:10:22-2> -> 1, <"Q!":E:12:22-2> -> !2}}, 1 -> Output[a] } -> 1
Rod2D(<"b":S:16-4:13>)->evaluateAt(diagram, tick=55): { [Get2]{}, [Get1]{ <"C":E:6:16-2> -> 1, <"D":E:8:16-2> -> 1, <"Q":E:10:22-2> -> !1, <"Q!":E:12:22-2> -> 2}}, 1 -> Output[b] } -> 1
Rod2D(<"c":S:16-4:15>)->evaluateAt(diagram, tick=55): { [Get2]{}, [Get1]{ <"C":E:6:16-2> -> !1, <"Q":E:10:22-2> -> 1, <"Q!":E:12:22-2> -> !2}}, 1 -> Output[c] } -> 1
55: inputs={
     C -> 0,
     D -> 0
  }, outputs={
     Q -> 1,
     Q! -> 1,
     a -> 1,
     b -> 1,
     c -> 1,
     d -> 1,
     e -> 1
  }
Rod2D(<"d":W:15:7-17>)->evaluateAt(diagram, tick=57): { [Get2]{ <"a":S:16-4:11> -> !1, <"b":S:16-4:13> -> !1, <"c":S:16-4:15> -> !1}, [Get1]{}}, 2 -> Output[d] } -> 2
57: inputs={
     C -> 0,
     D -> 0
  }, outputs={
     Q -> 1,
     Q! -> 1,
     a -> 1,
     b -> 1,
     c -> 1,
     d -> 1,
     e -> 1
  }
Rod2D(<"e":N:5-17:8>)->evaluateAt(diagram, tick=58): { [Get2]{}, [Get1]{ <"d":W:15:7-17> -> !2}}, 1 -> Output[e] } -> 1
58: inputs={
     C -> 0,
     D -> 0
  }, outputs={
     Q -> 1,
     Q! -> 1,
     a -> 1,
     b -> 1,
     c -> 1,
     d -> 1,
     e -> 1
  }
Rod2D(<"C":E:6:16-2>)->evaluateAt(diagram, tick=60): { [Get2]{}, [Get1]{}}, Input[C] -> 1 } -> 1
Rod2D(<"D":E:8:16-2>)->evaluateAt(diagram, tick=60): { [Get2]{}, [Get1]{}}, Input[D] -> 1 } -> 1
Rod2D(<"Q":E:10:22-2>)->evaluateAt(diagram, tick=60): { [Get2]{ <"e":N:5-17:8> -> 1}, [Get1]{}}, 1 -> Output[Q] } -> 1
Rod2D(<"Q!":E:12:22-2>)->evaluateAt(diagram, tick=60): { [Get2]{ <"e":N:5-17:8> -> !1}, [Get1]{}}, 2 -> Output[Q!] } -> 2
60: inputs={
     C -> 0,
     D -> 0
  }, outputs={
     Q -> 1,
     Q! -> 1,
     a -> 1,
     b -> 1,
     c -> 1,
     d -> 1,
     e -> 1
  }
Rod2D(<"a":S:16-4:11>)->evaluateAt(diagram, tick=61): { [Get2]{}, [Get1]{ <"C":E:6:16-2> -> 1, <"D":E:8:16-2> -> 1, <"Q":E:10:22-2> -> 1, <"Q!":E:12:22-2> -> !2}}, 1 -> Output[a] } -> 1
Rod2D(<"b":S:16-4:13>)->evaluateAt(diagram, tick=61): { [Get2]{}, [Get1]{ <"C":E:6:16-2> -> 1, <"D":E:8:16-2> -> 1, <"Q":E:10:22-2> -> !1, <"Q!":E:12:22-2> -> 2}}, 1 -> Output[b] } -> 1
Rod2D(<"c":S:16-4:15>)->evaluateAt(diagram, tick=61): { [Get2]{}, [Get1]{ <"C":E:6:16-2> -> !1, <"Q":E:10:22-2> -> 1, <"Q!":E:12:22-2> -> !2}}, 1 -> Output[c] } -> 1
61: inputs={
     C -> 0,
     D -> 0
  }, outputs={
     Q -> 1,
     Q! -> 1,
     a -> 1,
     b -> 1,
     c -> 1,
     d -> 1,
     e -> 1
  }
Rod2D(<"d":W:15:7-17>)->evaluateAt(diagram, tick=63): { [Get2]{ <"a":S:16-4:11> -> !1, <"b":S:16-4:13> -> !1, <"c":S:16-4:15> -> !1}, [Get1]{}}, 2 -> Output[d] } -> 2
63: inputs={
     C -> 0,
     D -> 0
  }, outputs={
     Q -> 1,
     Q! -> 1,
     a -> 1,
     b -> 1,
     c -> 1,
     d -> 1,
     e -> 1
  }
Rod2D(<"e":N:5-17:8>)->evaluateAt(diagram, tick=64): { [Get2]{}, [Get1]{ <"d":W:15:7-17> -> !2}}, 1 -> Output[e] } -> 1
64: inputs={
     C -> 0,
     D -> 0
  }, outputs={
     Q -> 1,
     Q! -> 1,
     a -> 1,
     b -> 1,
     c -> 1,
     d -> 1,
     e -> 1
  }
Rod2D(<"C":E:6:16-2>)->evaluateAt(diagram, tick=66): { [Get2]{}, [Get1]{}}, Input[C] -> 1 } -> 1
Rod2D(<"D":E:8:16-2>)->evaluateAt(diagram, tick=66): { [Get2]{}, [Get1]{}}, Input[D] -> 1 } -> 1
Rod2D(<"Q":E:10:22-2>)->evaluateAt(diagram, tick=66): { [Get2]{ <"e":N:5-17:8> -> 1}, [Get1]{}}, 1 -> Output[Q] } -> 1
Rod2D(<"Q!":E:12:22-2>)->evaluateAt(diagram, tick=66): { [Get2]{ <"e":N:5-17:8> -> !1}, [Get1]{}}, 2 -> Output[Q!] } -> 2
66: inputs={
     C -> 0,
     D -> 0
  }, outputs={
     Q -> 1,
     Q! -> 1,
     a -> 1,
     b -> 1,
     c -> 1,
     d -> 1,
     e -> 1
  }
Rod2D(<"a":S:16-4:11>)->evaluateAt(diagram, tick=67): { [Get2]{}, [Get1]{ <"C":E:6:16-2> -> 1, <"D":E:8:16-2> -> 1, <"Q":E:10:22-2> -> 1, <"Q!":E:12:22-2> -> !2}}, 1 -> Output[a] } -> 1
Rod2D(<"b":S:16-4:13>)->evaluateAt(diagram, tick=67): { [Get2]{}, [Get1]{ <"C":E:6:16-2> -> 1, <"D":E:8:16-2> -> 1, <"Q":E:10:22-2> -> !1, <"Q!":E:12:22-2> -> 2}}, 1 -> Output[b] } -> 1
Rod2D(<"c":S:16-4:15>)->evaluateAt(diagram, tick=67): { [Get2]{}, [Get1]{ <"C":E:6:16-2> -> !1, <"Q":E:10:22-2> -> 1, <"Q!":E:12:22-2> -> !2}}, 1 -> Output[c] } -> 1
67: inputs={
     C -> 0,
     D -> 0
  }, outputs={
     Q -> 1,
     Q! -> 1,
     a -> 1,
     b -> 1,
     c -> 1,
     d -> 1,
     e -> 1
  }
Rod2D(<"d":W:15:7-17>)->evaluateAt(diagram, tick=69): { [Get2]{ <"a":S:16-4:11> -> !1, <"b":S:16-4:13> -> !1, <"c":S:16-4:15> -> !1}, [Get1]{}}, 2 -> Output[d] } -> 2
69: inputs={
     C -> 0,
     D -> 0
  }, outputs={
     Q -> 1,
     Q! -> 1,
     a -> 1,
     b -> 1,
     c -> 1,
     d -> 1,
     e -> 1
  }
Rod2D(<"e":N:5-17:8>)->evaluateAt(diagram, tick=70): { [Get2]{}, [Get1]{ <"d":W:15:7-17> -> !2}}, 1 -> Output[e] } -> 1
70: inputs={
     C -> 0,
     D -> 0
  }, outputs={
     Q -> 1,
     Q! -> 1,
     a -> 1,
     b -> 1,
     c -> 1,
     d -> 1,
     e -> 1
  }
Rod2D(<"C":E:6:16-2>)->evaluateAt(diagram, tick=72): { [Get2]{}, [Get1]{}}, Input[C] -> 1 } -> 1
Rod2D(<"D":E:8:16-2>)->evaluateAt(diagram, tick=72): { [Get2]{}, [Get1]{}}, Input[D] -> 1 } -> 1
Rod2D(<"Q":E:10:22-2>)->evaluateAt(diagram, tick=72): { [Get2]{ <"e":N:5-17:8> -> 1}, [Get1]{}}, 1 -> Output[Q] } -> 1
Rod2D(<"Q!":E:12:22-2>)->evaluateAt(diagram, tick=72): { [Get2]{ <"e":N:5-17:8> -> !1}, [Get1]{}}, 2 -> Output[Q!] } -> 2
72: inputs={
     C -> 0,
     D -> 0
  }, outputs={
     Q -> 1,
     Q! -> 1,
     a -> 1,
     b -> 1,
     c -> 1,
     d -> 1,
     e -> 1
  }
Rod2D(<"a":S:16-4:11>)->evaluateAt(diagram, tick=73): { [Get2]{}, [Get1]{ <"C":E:6:16-2> -> 1, <"D":E:8:16-2> -> 1, <"Q":E:10:22-2> -> 1, <"Q!":E:12:22-2> -> !2}}, 1 -> Output[a] } -> 1
Rod2D(<"b":S:16-4:13>)->evaluateAt(diagram, tick=73): { [Get2]{}, [Get1]{ <"C":E:6:16-2> -> 1, <"D":E:8:16-2> -> 1, <"Q":E:10:22-2> -> !1, <"Q!":E:12:22-2> -> 2}}, 1 -> Output[b] } -> 1
Rod2D(<"c":S:16-4:15>)->evaluateAt(diagram, tick=73): { [Get2]{}, [Get1]{ <"C":E:6:16-2> -> !1, <"Q":E:10:22-2> -> 1, <"Q!":E:12:22-2> -> !2}}, 1 -> Output[c] } -> 1
73: inputs={
     C -> 0,
     D -> 0
  }, outputs={
     Q -> 1,
     Q! -> 1,
     a -> 1,
     b -> 1,
     c -> 1,
     d -> 1,
     e -> 1
  }
Rod2D(<"d":W:15:7-17>)->evaluateAt(diagram, tick=75): { [Get2]{ <"a":S:16-4:11> -> !1, <"b":S:16-4:13> -> !1, <"c":S:16-4:15> -> !1}, [Get1]{}}, 2 -> Output[d] } -> 2
75: inputs={
     C -> 0,
     D -> 0
  }, outputs={
     Q -> 1,
     Q! -> 1,
     a -> 1,
     b -> 1,
     c -> 1,
     d -> 1,
     e -> 1
  }
Rod2D(<"e":N:5-17:8>)->evaluateAt(diagram, tick=76): { [Get2]{}, [Get1]{ <"d":W:15:7-17> -> !2}}, 1 -> Output[e] } -> 1
76: inputs={
     C -> 0,
     D -> 0
  }, outputs={
     Q -> 1,
     Q! -> 1,
     a -> 1,
     b -> 1,
     c -> 1,
     d -> 1,
     e -> 1
  }
Rod2D(<"C":E:6:16-2>)->evaluateAt(diagram, tick=78): { [Get2]{}, [Get1]{}}, Input[C] -> 1 } -> 1
Rod2D(<"D":E:8:16-2>)->evaluateAt(diagram, tick=78): { [Get2]{}, [Get1]{}}, Input[D] -> 1 } -> 1
Rod2D(<"Q":E:10:22-2>)->evaluateAt(diagram, tick=78): { [Get2]{ <"e":N:5-17:8> -> 1}, [Get1]{}}, 1 -> Output[Q] } -> 1
Rod2D(<"Q!":E:12:22-2>)->evaluateAt(diagram, tick=78): { [Get2]{ <"e":N:5-17:8> -> !1}, [Get1]{}}, 2 -> Output[Q!] } -> 2
78: inputs={
     C -> 0,
     D -> 0
  }, outputs={
     Q -> 1,
     Q! -> 1,
     a -> 1,
     b -> 1,
     c -> 1,
     d -> 1,
     e -> 1
  }
Rod2D(<"a":S:16-4:11>)->evaluateAt(diagram, tick=79): { [Get2]{}, [Get1]{ <"C":E:6:16-2> -> 1, <"D":E:8:16-2> -> 1, <"Q":E:10:22-2> -> 1, <"Q!":E:12:22-2> -> !2}}, 1 -> Output[a] } -> 1
Rod2D(<"b":S:16-4:13>)->evaluateAt(diagram, tick=79): { [Get2]{}, [Get1]{ <"C":E:6:16-2> -> 1, <"D":E:8:16-2> -> 1, <"Q":E:10:22-2> -> !1, <"Q!":E:12:22-2> -> 2}}, 1 -> Output[b] } -> 1
Rod2D(<"c":S:16-4:15>)->evaluateAt(diagram, tick=79): { [Get2]{}, [Get1]{ <"C":E:6:16-2> -> !1, <"Q":E:10:22-2> -> 1, <"Q!":E:12:22-2> -> !2}}, 1 -> Output[c] } -> 1
79: inputs={
     C -> 0,
     D -> 0
  }, outputs={
     Q -> 1,
     Q! -> 1,
     a -> 1,
     b -> 1,
     c -> 1,
     d -> 1,
     e -> 1
  }
Rod2D(<"d":W:15:7-17>)->evaluateAt(diagram, tick=81): { [Get2]{ <"a":S:16-4:11> -> !1, <"b":S:16-4:13> -> !1, <"c":S:16-4:15> -> !1}, [Get1]{}}, 2 -> Output[d] } -> 2
81: inputs={
     C -> 0,
     D -> 0
  }, outputs={
     Q -> 1,
     Q! -> 1,
     a -> 1,
     b -> 1,
     c -> 1,
     d -> 1,
     e -> 1
  }
Rod2D(<"e":N:5-17:8>)->evaluateAt(diagram, tick=82): { [Get2]{}, [Get1]{ <"d":W:15:7-17> -> !2}}, 1 -> Output[e] } -> 1
82: inputs={
     C -> 0,
     D -> 0
  }, outputs={
     Q -> 1,
     Q! -> 1,
     a -> 1,
     b -> 1,
     c -> 1,
     d -> 1,
     e -> 1
  }
Rod2D(<"C":E:6:16-2>)->evaluateAt(diagram, tick=84): { [Get2]{}, [Get1]{}}, Input[C] -> 1 } -> 1
Rod2D(<"D":E:8:16-2>)->evaluateAt(diagram, tick=84): { [Get2]{}, [Get1]{}}, Input[D] -> 1 } -> 1
Rod2D(<"Q":E:10:22-2>)->evaluateAt(diagram, tick=84): { [Get2]{ <"e":N:5-17:8> -> 1}, [Get1]{}}, 1 -> Output[Q] } -> 1
Rod2D(<"Q!":E:12:22-2>)->evaluateAt(diagram, tick=84): { [Get2]{ <"e":N:5-17:8> -> !1}, [Get1]{}}, 2 -> Output[Q!] } -> 2
84: inputs={
     C -> 0,
     D -> 0
  }, outputs={
     Q -> 1,
     Q! -> 1,
     a -> 1,
     b -> 1,
     c -> 1,
     d -> 1,
     e -> 1
  }
Rod2D(<"a":S:16-4:11>)->evaluateAt(diagram, tick=85): { [Get2]{}, [Get1]{ <"C":E:6:16-2> -> 1, <"D":E:8:16-2> -> 1, <"Q":E:10:22-2> -> 1, <"Q!":E:12:22-2> -> !2}}, 1 -> Output[a] } -> 1
Rod2D(<"b":S:16-4:13>)->evaluateAt(diagram, tick=85): { [Get2]{}, [Get1]{ <"C":E:6:16-2> -> 1, <"D":E:8:16-2> -> 1, <"Q":E:10:22-2> -> !1, <"Q!":E:12:22-2> -> 2}}, 1 -> Output[b] } -> 1
Rod2D(<"c":S:16-4:15>)->evaluateAt(diagram, tick=85): { [Get2]{}, [Get1]{ <"C":E:6:16-2> -> !1, <"Q":E:10:22-2> -> 1, <"Q!":E:12:22-2> -> !2}}, 1 -> Output[c] } -> 1
85: inputs={
     C -> 0,
     D -> 0
  }, outputs={
     Q -> 1,
     Q! -> 1,
     a -> 1,
     b -> 1,
     c -> 1,
     d -> 1,
     e -> 1
  }
Rod2D(<"d":W:15:7-17>)->evaluateAt(diagram, tick=87): { [Get2]{ <"a":S:16-4:11> -> !1, <"b":S:16-4:13> -> !1, <"c":S:16-4:15> -> !1}, [Get1]{}}, 2 -> Output[d] } -> 2
87: inputs={
     C -> 0,
     D -> 0
  }, outputs={
     Q -> 1,
     Q! -> 1,
     a -> 1,
     b -> 1,
     c -> 1,
     d -> 1,
     e -> 1
  }
Rod2D(<"e":N:5-17:8>)->evaluateAt(diagram, tick=88): { [Get2]{}, [Get1]{ <"d":W:15:7-17> -> !2}}, 1 -> Output[e] } -> 1
88: inputs={
     C -> 0,
     D -> 0
  }, outputs={
     Q -> 1,
     Q! -> 1,
     a -> 1,
     b -> 1,
     c -> 1,
     d -> 1,
     e -> 1
  }
Rod2D(<"C":E:6:16-2>)->evaluateAt(diagram, tick=90): { [Get2]{}, [Get1]{}}, Input[C] -> 1 } -> 1
Rod2D(<"D":E:8:16-2>)->evaluateAt(diagram, tick=90): { [Get2]{}, [Get1]{}}, Input[D] -> 1 } -> 1
Rod2D(<"Q":E:10:22-2>)->evaluateAt(diagram, tick=90): { [Get2]{ <"e":N:5-17:8> -> 1}, [Get1]{}}, 1 -> Output[Q] } -> 1
Rod2D(<"Q!":E:12:22-2>)->evaluateAt(diagram, tick=90): { [Get2]{ <"e":N:5-17:8> -> !1}, [Get1]{}}, 2 -> Output[Q!] } -> 2
90: inputs={
     C -> 0,
     D -> 0
  }, outputs={
     Q -> 1,
     Q! -> 1,
     a -> 1,
     b -> 1,
     c -> 1,
     d -> 1,
     e -> 1
  }
