./rlic -0 -l -c 0 3x74181s+latches.txt
Rod Count by (Length, Fan-In, Fan-Out):
(    7,   1,   2):    21
(    7,   3,   1):    21
(    7,   4,   1):    42
(    9,   1,   3):    21
(    9,   3,   1):    21
(   12,   1,   3):     7
(   13,   1,   1):     8
(   14,   1,   0):     2
(   14,   1,   3):     7
(   75,   1,   1):     2
(   75,   2,   1):     9
(   78,   1,   2):     6
(   78,   1,   3):    14
(   78,   3,   2):     8
(   86,   1,   5):     1
(   86,   1,  10):     1
(   86,   2,   6):     2
(   86,   2,   9):     2
(   86,   3,   2):     2
(   86,   3,   3):     1
(   86,   3,   5):     1
(   87,   1,   1):     1
(   87,   2,   1):     9
(   87,   3,   1):     4
(   87,   4,   1):     4
(   87,   5,   1):     2
(   89,   1,   1):     5
(   89,   1,  32):     4
(   89,   1,  33):     1
(   96,   1,   8):     1
(  106,   1,   4):     2
(  106,   1,   6):     4
(  106,   1,   7):     8
(  109,   1,   1):     2
(  109,   1,   2):     5
(  109,   2,   2):     1
(  109,   3,   2):     1
(  109,   4,   2):     2
(  137,   1,   2):     3
(  137,   2,   2):     4
(  164,   5,   1):    30
(  164,   5,  15):     1
(  251,   1,   1):     6
(  251,   2,   1):     8
(  251,   3,   1):     8

Rod Count (and # incomplete) by Direction:
    E:    79 (    0)
    S:    87 (    0)
    D:     0 (    0)
    W:    57 (    0)
    N:    92 (    0)
    U:     0 (    0)
Total:   315 (    0)

Earliest input: N
Earliest output: N
Earliest debugOutput: N

Refactoring....
limitTowards[E] =    8
limitTowards[S] =  276
limitTowards[D] =    0
limitTowards[W] =  147
limitTowards[N] =   30
limitTowards[U] =    0

Row separations:
separations[ 1] =  110
separations[ 2] =    2
separations[ 6] =   19
separations[10] =    1
separations[12] =    1

Column separations:
separations[ 1] =   12
separations[ 2] =   83
separations[ 3] =    5
separations[14] =    1

Not executing (optCycleCount == 0).
Removed 45 empty row(s).
Removed 23 empty col(s).
Removed 30 squeezable row(s).
Removed 98 squeezable col(s).
   0         0         0         0         0         0         0         0         0         0         1         1   
   0         1         2         3         4         5         6         7         8         9         0         1   
   0         0         0         0         0         0         0         0         0         0         0         0   
   ....................................................................................................................
  0.        ^^^^^^^^^^^^^^^^^^^^^^^^^^^^ ^ ^ ^      v v v                                                             .  0
   .        |||||||||||||||||||||||||||| | | |    ^ | | |                                                             .
   .       >1|||||||||||||||||||||||||||-|-|-|----|-1-1-0>                       vvvvvvvvvvvvvvvvvvvvvv               .
   .       >|1||||||||||||||||||||||||||-|-|-|----|-1-1-|>                       DDDDDDDDDDDDDDDDDDDDDD               .
   .        |||||||||||||||||||||||||||| | | |  >D1-0-1-1------------------------||1||||1||||1||||1||||>              .
   .        |||||||||||||||||||||||||||| | | |  >-0-1-0-0>                       ||||||||||||||||||||||               .
   .        |||||||||||||||||||||||||||| | | |   <1-0-0-0-<                      ||||||||||||||||||||||               .
   .        |||||||||||||||||||||||||||| | | |    | v v v                        ||||||||||||||||||||||               .
   .        |||||||||||||||||||||||||||| | | |    ^                              ||||||||||||||||||||||               .
   .        |||||||||||||||||||||||||||| | | |      v v v                        ||||||||||||||||||||||               .
 10.        |||||||||||||||||||||||||||| | | |    ^ | | |                        ||||||||||||||||||||||               . 10
   .       >1|||||||||||||||||||||||||||-|-|-|----|-1-1-0>                       ||||||||||||||||||||||               .
   .       >||1|||||||||||||||||||||||||-|-|-|----|-1-1-|>                       ||||||||||||||||||||||               .
   .        |||||||||||||||||||||||||||| | | |  >D1-0-1-1------------------------|1||||1||||1||||1|||||>              .
   .        |||||||||||||||||||||||||||| | | |  >-0-1-0-0>                       ||||||||||||||||||||||               .
   .        |||||||||||||||||||||||||||| | | |   <1-0-0-0-<                      ||||||||||||||||||||||               .
   .        |||||||||||||||||||||||||||| | | |    | v v v                        ||||||||||||||||||||||               .
   .        |||||||||||||||||||||||||||| | | |    ^                              ||||||||||||||||||||||               .
   .        |||||||||||||||||||||||||||| | | |      v v v                        ||||||||||||||||||||||               .
   .        |||||||||||||||||||||||||||| | | |    ^ | | |                        ||||||||||||||||||||||               .
 20.       >1|||||||||||||||||||||||||||-|-|-|----|-1-1-0>                       ||||||||||||||||||||||               . 20
   .       >|||1||||||||||||||||||||||||-|-|-|----|-1-1-|>                       ||||||||||||||||||||||               .
   .        |||||||||||||||||||||||||||| | | |  >D1-0-1-1------------------------|||||1||||1||||1||||1|>              .
   .        |||||||||||||||||||||||||||| | | |  >-0-1-0-0>                       ||||||||||||||||||||||               .
   .        |||||||||||||||||||||||||||| | | |   <1-0-0-0-<                      ||||||||||||||||||||||               .
   .        |||||||||||||||||||||||||||| | | |    | v v v                        ||||||||||||||||||||||               .
   .        |||||||||||||||||||||||||||| | | |    ^                              ||||||||||||||||||||||               .
   .        |||||||||||||||||||||||||||| | | |      v v v                        ||||||||||||||||||||||               .
   .        |||||||||||||||||||||||||||| | | |    ^ | | |                        ||||||||||||||||||||||               .
   .       >1|||||||||||||||||||||||||||-|-|-|----|-1-1-0>                       ||||||||||||||||||||||               .
 30.       >||||1|||||||||||||||||||||||-|-|-|----|-1-1-|>                       ||||||||||||||||||||||               . 30
   .        |||||||||||||||||||||||||||| | | |  >D1-0-1-1------------------------||||1||||1||||1||||1||>              .
   .        |||||||||||||||||||||||||||| | | |  >-0-1-0-0>                       ||||||||||||||||||||||               .
   .        |||||||||||||||||||||||||||| | | |   <1-0-0-0-<                      ||||||||||||||||||||||               .
   .        |||||||||||||||||||||||||||| | | |    | v v v                        ||||||||||||||||||||||               .
   .        |||||||||||||||||||||||||||| | | |    ^                              ||||||||||||||||||||||               .
   .        |||||||||||||||||||||||||||| | | |      v v v                        ||||||||||||||||||||||               .
   .        |||||||||||||||||||||||||||| | | |    ^ | | |                        ||||||||||||||||||||||               .
   .       >1|||||||||||||||||||||||||||-|-|-|----|-1-1-0>                       ||||||||||||||||||||||               .
   .       >|||||1||||||||||||||||||||||-|-|-|----|-1-1-|>                       ||||||||||||||||||||||               .
 40.        |||||||||||||||||||||||||||| | | |  >D1-0-1-1------------------------0|||||||||||||||||||||>              . 40
   .        |||||||||||||||||||||||||||| | | |  >-0-1-0-0>                       ||||||||||||||||||||||               .
   .        |||||||||||||||||||||||||||| | | |   <1-0-0-0-<                      ||||||||||||||||||||||               .
   .        |||||||||||||||||||||||||||| | | |    | v v v                        ||||||||||||||||||||||               .
   .        |||||||||||||||||||||||||||| | | |    ^                              ||||||||||||||||||||||               .
   .        |||||||||||||||||||||||||||| | | |      v v v                        ||||||||||||||||||||||               .
   .        |||||||||||||||||||||||||||| | | |    ^ | | |                        ||||||||||||||||||||||               .
   .       >1|||||||||||||||||||||||||||-|-|-|----|-1-1-0>                       ||||||||||||||||||||||               .
   .       >||||||1|||1|||1|||||||||||||-|-|-|----|-1-1-|>                       ||||||||||||||||||||||               .
   .        |||||||||||||||||||||||||||| | | |  >D1-0-1-1------------------------|10|01||||||||||||||||>              .
 50.        |||||||||||||||||||||||||||| | | |  >-0-1-0-0>                       ||||||||||||||||||||||               . 50
   .        |||||||||||||||||||||||||||| | | |   <1-0-0-0-<                      ||||||||||||||||||||||               .
   .        |||||||||||||||||||||||||||| | | |    | v v v                        ||||||||||||||||||||||               .
   .        |||||||||||||||||||||||||||| | | |    ^                              ||||||||||||||||||||||               .
   .        |||||||||||||||||||||||||||| | | |      v v v                        ||||||||||||||||||||||               .
   .        |||||||||||||||||||||||||||| | | |    ^ | | |                        ||||||||||||||||||||||               .
   .       >1|||||||||||||||||||||||||||-|-|-|----|-1-1-0>                       ||||||||||||||||||||||               .
   .       >|||||||1|||1|||1||||||||||||-|-|-|----|-1-1-|>                       ||||||||||||||||||||||               .
   .        |||||||||||||||||||||||||||| | | |  >D1-0-1-1------------------------||||||10|01|||||||||||>              .
   .        |||||||||||||||||||||||||||| | | |  >-0-1-0-0>                       ||||||||||||||||||||||               .
 60.        |||||||||||||||||||||||||||| | | |   <1-0-0-0-<                      ||||||||||||||||||||||               . 60
   .        |||||||||||||||||||||||||||| | | |    | v v v                        ||||||||||||||||||||||               .
   .        |||||||||||||||||||||||||||| | | |    ^                              ||||||||||||||||||||||               .
   .        |||||||||||||||||||||||||||| | | |      v v v                        ||||||||||||||||||||||               .
   .        |||||||||||||||||||||||||||| | | |    ^ | | |                        ||||||||||||||||||||||               .
   .       >1|||||||||||||||||||||||||||-|-|-|----|-1-1-0>                       ||||||||||||||||||||||               .
   .       >||||||||1|||1|||1|||||||||||-|-|-|----|-1-1-|>                       ||||||||||||||||||||||               .
   .        |||||||||||||||||||||||||||| | | |  >D1-0-1-1------------------------|||||||||||10|01||||||>              .
   .        |||||||||||||||||||||||||||| | | |  >-0-1-0-0>                       ||||||||||||||||||||||               .
   .        |||||||||||||||||||||||||||| | | |   <1-0-0-0-<                      ||||||||||||||||||||||               .
 70.        |||||||||||||||||||||||||||| | | |    | v v v                        ||||||||||||||||||||||               . 70
   .        |||||||||||||||||||||||||||| | | |    ^                              ||||||||||||||||||||||               .
   .        |||||||||||||||||||||||||||| | | |      v v v                        ||||||||||||||||||||||               .
   .        |||||||||||||||||||||||||||| | | |    ^ | | |                        ||||||||||||||||||||||               .
   .       >1|||||||||||||||||||||||||||-|-|-|----|-1-1-0>                       ||||||||||||||||||||||               .
   .       >|||||||||1|||1|||1||||||||||-|-|-|----|-1-1-|>                       ||||||||||||||||||||||               .
   .        |||||||||||||||||||||||||||| | | |  >D1-0-1-1------------------------||||||||||||||||10|01|>              .
   .        |||||||||||||||||||||||||||| | | |  >-0-1-0-0>                       ||||||||||||||||||||||               .
   .        |||||||||||||||||||||||||||| | | |   <1-0-0-0-<                      ||||||||||||||||||||||               .
   .        |||||||||||||||||||||||||||| | | |    | v v v                        ||||||||||||||||||||||               .
 80.        |||||||||||||||||||||||||||| | | |    ^                              ||||||||||||||||||||||               . 80
   .        |||||||||||||||||||||||||||| | | |      v v v                        ||||||||||||||||||||||               .
   .        |||||||||||||||||||||||||||| | | |    ^ | | |                        ||||||||||||||||||||||               .
   .       >1|||||||||||||||||||||||||||-|-|-|----|-1-1-0>                       ||||||||||||||||||||||               .
   .       >||||||||||||||||||1|||1|||1|-|-|-|----|-1-1-|>                       ||||||||||||||||||||||               .
   .        |||||||||||||||||||||||||||| | | |  >D1-0-1-1------------------------|000||||||||||||||||||>              .
   .        |||||||||||||||||||||||||||| | | |  >-0-1-0-0>                       ||||||||||||||||||||||               .
   .        |||||||||||||||||||||||||||| | | |   <1-0-0-0-<                      ||||||||||||||||||||||               .
   .        |||||||||||||||||||||||||||| | | |    | v v v                        ||||||||||||||||||||||               .
   .        |||||||||||||||||||||||||||| | | |    ^                              ||||||||||||||||||||||               .
 90.        |||||||||||||||||||||||||||| | | |      v v v                        ||||||||||||||||||||||               . 90
   .        |||||||||||||||||||||||||||| | | |    ^ | | |                        ||||||||||||||||||||||               .
   .       >1|||||||||||||||||||||||||||-|-|-|----|-1-1-0>                       ||||||||||||||||||||||               .
   .       >|||||||||||||||||||1|||1|||1-|-|-|----|-1-1-|>                       ||||||||||||||||||||||               .
   .        |||||||||||||||||||||||||||| | | |  >D1-0-1-1------------------------||||||000|||||||||||||>              .
   .        |||||||||||||||||||||||||||| | | |  >-0-1-0-0>                       ||||||||||||||||||||||               .
   .        |||||||||||||||||||||||||||| | | |   <1-0-0-0-<                      ||||||||||||||||||||||               .
   .        |||||||||||||||||||||||||||| | | |    | v v v                        ||||||||||||||||||||||               .
   .        |||||||||||||||||||||||||||| | | |    ^                              ||||||||||||||||||||||               .
   .        |||||||||||||||||||||||||||| | | |      v v v                        ||||||||||||||||||||||               .
100.        |||||||||||||||||||||||||||| | | |    ^ | | |                        ||||||||||||||||||||||               .100
   .       >1|||||||||||||||||||||||||||-|-|-|----|-1-1-0>                       ||||||||||||||||||||||               .
   .       >||||||||||||||||||||1|||1|||-1-|-|----|-1-1-|>                       ||||||||||||||||||||||               .
   .        |||||||||||||||||||||||||||| | | |  >D1-0-1-1------------------------|||||||||||000||||||||>              .
   .        |||||||||||||||||||||||||||| | | |  >-0-1-0-0>                       ||||||||||||||||||||||               .
   .        |||||||||||||||||||||||||||| | | |   <1-0-0-0-<                      ||||||||||||||||||||||               .
   .        |||||||||||||||||||||||||||| | | |    | v v v                        ||||||||||||||||||||||               .
   .        |||||||||||||||||||||||||||| | | |    ^                              ||||||||||||||||||||||               .
   .        |||||||||||||||||||||||||||| | | |      v v v                        ||||||||||||||||||||||               .
   .        |||||||||||||||||||||||||||| | | |    ^ | | |                        ||||||||||||||||||||||               .
110.       >1|||||||||||||||||||||||||||-|-|-|----|-1-1-0>                       ||||||||||||||||||||||               .110
   .       >|||||||||||||||||||||1|||1||-|-1-|----|-1-1-|>                       ||||||||||||||||||||||               .
   .        |||||||||||||||||||||||||||| | | |  >D1-0-1-1------------------------||||||||||||||||000|||>              .
   .        |||||||||||||||||||||||||||| | | |  >-0-1-0-0>                       ||||||||||||||||||||||               .
   .        |||||||||||||||||||||||||||| | | |   <1-0-0-0-<                      ||||||||||||||||||||||               .
   .        |||||||||||||||||||||||||||| | | |    | v v v                        ||||||||||||||||||||||               .
   .        |||||||||||||||||||||||||||| | | |    ^                              ||||||||||||||||||||||               .
   .        |||||||||||||||||||||||||||| | | |      v v v                        ||||||||||||||||||||||               .
   .        |||||||||||||||||||||||||||| | | |    ^ | | |                        ||||||||||||||||||||||               .
   .       >1|||||||||||||||||||||||||||-|-|-|----|-1-1-0>                       ||||||||||||||||||||||               .
120.       >||||||||||||||||||||||||||||-|-|-1----|-1-1-|>                       ||||||||||||||||||||||               .120
   .        |||||||||||||||||||||||||||| | | |  >D1-0-1-1------------------------|||||||||||||||||||||1>              .
   .        |||||||||||||||||||||||||||| | | |  >-0-1-0-0>                       ||||||||||||||||||||||               .
   .        |||||||||||||||||||||||||||| | | |   <1-0-0-0-<                      ||||||||||||||||||||||               .
   .        |||||||||||||||||||||||||||| | | |    | v v v                        ||||||||||||||||||||||               .
   .        |||||||||||||||||||||||||||| | | |    ^                              ||||||||||||||||||||||               .
   .  ^^    |||||||||||||||||||||||||||| | | | v v v v v                         ||||||||||||||||||||||               .
   .  OO^^^^|||||||||||||||||||||||||||| | | | D D D D D                         ||||||||||||||||||||||               .
   .>D||1|||||||||||||||||||||||||||||||-|-|-|-|-|-|-|-1>                        ||||||||||||||||||||||               .
   .>D|||1||||||||||||||||||||||||||||||-|-|-|-|-|-|-1-|>                        ||||||||||||||||||||||               .
130.>D||||1|||||||||||||||||||||||||||||-|-|-|-|-|-1-|-|>                        ||||||||||||||||||||||               .130
   .>D|||||1||||||||||||||||||||||||||||-|-|-|-|-1-|-|-|>                        ||||||||||||||||||||||               .
   .>D||||||1|||||||||||||||||||||||||||-|-|-|-1-|-|-|-|>                        ||||||||||||||||||||||               .
   . <|||||10000000000000000000000000000-0-0-0-1-|-|-|-|D<                       ||||||||||||||||||||||               .
   . <||||1|0000000000000000000000000000-0-0-0-|-1-|-|-|D<                       ||||||||||||||||||||||               .
   . <|||1||0000000000000000000000000000-0-0-0-|-|-1-|-|D<                       ||||||||||||||||||||||               .
   . <||1|||0000000000000000000000000000-0-0-0-|-|-|-1-|D<                       ||||||||||||||||||||||               .
   . <10||||0000000000000000000000000000-0-0-0-|-|-|-|-1D<                       ||||||||||||||||||||||               .
   .  ||DDDD|||||||||||||||||||||||||||| | | | v v v | v                         ||||||||||||||||||||||               .
   .  ^^^^^^|||||||||||||||||||||||||||| | | |       |                           ||||||||||||||||||||||               .
140.        IIIIIIIIIIIIIIIIIIIIIIIIIIII I I I       |                           ||||||||||||||||||||||               .140
   .        ^^^^^^^^^^^^^^^^^^^^^^^^^^^^ ^ ^ ^       |                           ||||||||||||||||||||||               .
   .                                                 |                           ||||||||||||||||||||||  vvvvvvvvvvv  .
   .                                                 |       ^^^^^^^^^^^^^^^^^^^^||||||||||||||||||||||  |||||||||||  .
   .                                                 |     >-0000||||||||||||||||||||||||||||||||||||||--|11||||||||> .
   .                                                 |     >-||||0|||||||||||||||||||||||||||||||||||||--||1||||||||> .
   .                                                 |     >-|||||0||||||||||||||||||||||||||||||||||||--1||||||||||> .
   .                                                 |     >D||||||1|||||||||||||||||||||||||||||||||||--|||01||||||> .
   .                                                 |     >D|||||||0000|||||||||||||||||||||||||||||||--|||10||||||> .
   .                                                 |     >D|||||||||||1||||||||||||||||||||||||||||||--|||||01||||> .
150.                                                 |     >D||||||||||||000|||||||||||||||||||||||||||--|||||10||||> .150
   .                                            v    |     >D|||||||||||||||1||||||||||||||||||||||||||--|||||||01||> .
   .                                       ^^ ^ |    |     >D||||||||||||||||00||||||||||||||||||||||||--|||||||10||> .
   .                                     >-00-0-0>   |     >D||||||||||||||||||1|||||||||||||||||||||||--|||||||||01> .
   .                                      <00-1-0-<  |     >D|||||||||||||||||||0||||||||||||||||||||||--|||||||||10> .
   .                                   <O--11-0-1-<  |       ||||||||||||||||||||||||||||||||||||||||||  |||||||||||  .
   .                                      <|1-1-|----|-------||||||||||||||||||||||||||||||||||||||||||--1||||||||||D<.
   .                                      <01-1-|----1-<     ||||||||||||||||||||||||||||||||||||||||||  |||||||||||  .
   .                                       || | v    |       ||||||||||||||||||||||||||||||||||||||||||  |||||||||||  .
   .                                       ^^ ^      |       ||||||||||||||||||||||||||||||||||||||||||  |||||||||||  .
160.                                            v    |       ||||||||||||||||||||||||||||||||||||||||||  |||||||||||  .160
   .                                       ^^ ^ |    |       ||||||||||||||||||||||||||||||||||||||||||  |||||||||||  .
   .                                     >-00-0-0>   |       ||||||||||||||||||||||||||||||||||||||||||  |||||||||||  .
   .                                      <00-1-0-<  |       ||||||||||||||||||||||||||||||||||||||||||  |||||||||||  .
   .                                   <O--11-0-1-<  |       ||||||||||||||||||||||||||||||||||||||||||  |||||||||||  .
   .                                      <|1-1-|----|-------||||||||||||||||||||||||||||||||||||||||||--|1|||||||||D<.
   .                                      <01-1-|----1-<     ||||||||||||||||||||||||||||||||||||||||||  |||||||||||  .
   .                                       || | v    |       ||||||||||||||||||||||||||||||||||||||||||  |||||||||||  .
   .                                       ^^ ^      |       ||||||||||||||||||||||||||||||||||||||||||  |||||||||||  .
   .                                            v    |       ||||||||||||||||||||||||||||||||||||||||||  |||||||||||  .
170.                                       ^^ ^ |    |       ||||||||||||||||||||||||||||||||||||||||||  |||||||||||  .170
   .                                     >-00-0-0>   |       ||||||||||||||||||||||||||||||||||||||||||  |||||||||||  .
   .                                      <00-1-0-<  |       ||||||||||||||||||||||||||||||||||||||||||  |||||||||||  .
   .                                   <O--11-0-1-<  |       ||||||||||||||||||||||||||||||||||||||||||  |||||||||||  .
   .                                      <|1-1-|----|-------||||||||||||||||||||||||||||||||||||||||||--||1||||||||D<.
   .                                      <01-1-|----1-<     ||||||||||||||||||||||||||||||||||||||||||  |||||||||||  .
   .                                       || | v    |       ||||||||||||||||||||||||||||||||||||||||||  |||||||||||  .
   .                                       ^^ ^      |       ||||||||||||||||||||||||||||||||||||||||||  |||||||||||  .
   .                                            v    |       ||||||||||||||||||||||||||||||||||||||||||  |||||||||||  .
   .                                       ^^ ^ |    |       ||||||||||||||||||||||||||||||||||||||||||  |||||||||||  .
180.                                     >-00-0-0>   |       ||||||||||||||||||||||||||||||||||||||||||  |||||||||||  .180
   .                                      <00-1-0-<  |       ||||||||||||||||||||||||||||||||||||||||||  |||||||||||  .
   .                                   <O--11-0-1-<  |       ||||||||||||||||||||||||||||||||||||||||||  |||||||||||  .
   .                                      <|1-1-|----|-------||||||||||||||||||||||||||||||||||||||||||--|||00||||||D<.
   .                                      <01-1-|----1-<     ||||||||||||||||||||||||||||||||||||||||||  |||||||||||  .
   .                                       || | v    |       ||||||||||||||||||||||||||||||||||||||||||  |||||||||||  .
   .                                       ^^ ^      |       ||||||||||||||||||||||||||||||||||||||||||  |||||||||||  .
   .                                            v    |       ||||||||||||||||||||||||||||||||||||||||||  |||||||||||  .
   .                                       ^^ ^ |    |       ||||||||||||||||||||||||||||||||||||||||||  |||||||||||  .
   .                                     >-00-0-0>   |       ||||||||||||||||||||||||||||||||||||||||||  |||||||||||  .
190.                                      <00-1-0-<  |       ||||||||||||||||||||||||||||||||||||||||||  |||||||||||  .190
   .                                   <O--11-0-1-<  |       ||||||||||||||||||||||||||||||||||||||||||  |||||||||||  .
   .                                      <|1-1-|----|-------||||||||||||||||||||||||||||||||||||||||||--|||||00||||D<.
   .                                      <01-1-|----1-<     ||||||||||||||||||||||||||||||||||||||||||  |||||||||||  .
   .                                       || | v    |       ||||||||||||||||||||||||||||||||||||||||||  |||||||||||  .
   .                                       ^^ ^      |       ||||||||||||||||||||||||||||||||||||||||||  |||||||||||  .
   .                                            v    |       ||||||||||||||||||||||||||||||||||||||||||  |||||||||||  .
   .                                       ^^ ^ |    |       ||||||||||||||||||||||||||||||||||||||||||  |||||||||||  .
   .                                     >-00-0-0>   |       ||||||||||||||||||||||||||||||||||||||||||  |||||||||||  .
   .                                      <00-1-0-<  |       ||||||||||||||||||||||||||||||||||||||||||  |||||||||||  .
200.                                   <O--11-0-1-<  |       ||||||||||||||||||||||||||||||||||||||||||  |||||||||||  .200
   .                                      <|1-1-|----|-------||||||||||||||||||||||||||||||||||||||||||--|||||||00||D<.
   .                                      <01-1-|----1-<     ||||||||||||||||||||||||||||||||||||||||||  |||||||||||  .
   .                                       || | v    |       ||||||||||||||||||||||||||||||||||||||||||  |||||||||||  .
   .                                       ^^ ^      |       ||||||||||||||||||||||||||||||||||||||||||  |||||||||||  .
   .                                            v    |       ||||||||||||||||||||||||||||||||||||||||||  |||||||||||  .
   .                                       ^^ ^ |    |       ||||||||||||||||||||||||||||||||||||||||||  |||||||||||  .
   .                                     >-00-0-0>   |       ||||||||||||||||||||||||||||||||||||||||||  |||||||||||  .
   .                                      <00-1-0-<  |       ||||||||||||||||||||||||||||||||||||||||||  |||||||||||  .
   .                                   <O--11-0-1-<  |       ||||||||||||||||||||||||||||||||||||||||||  |||||||||||  .
210.                                      <|1-1-|----|-------||||||||||||||||||||||||||||||||||||||||||--|||||||||00D<.210
   .                                      <01-1-|----1-<     ||||||||||||||||||||||||||||||||||||||||||  vvvvvvvvvvv  .
   .                                       || | v    v       ||||||||||||||||||||||||||||||||||||||||||               .
   .                                       ^^ ^             <1|||||0||||||||||||||||000||||||||||||||||D<             .
   .                                                        <|111111||||||||||||||00|||||||||||||||||||D<             .
   .                                                        <||||||||||10||||||||||||||||000|||||||||||D<             .
   .                                                        <|11111|111|1||||||||||||||00||||||||||||||D<             .
   .                                                        <|||||||||1||||10|||||||||||||||||000||||||D<             .
   .                                                        <||1111|11|||11|1|||||||||||||||00|||||||||D<             .
   .                                                        <|||1||||1||||1|||10|||||||||||||||||||000|D<             .
220.                                                        <||||11|1||||1|||1|1|||||||||||||||||00||||D<             .220
   .                                                        <||||1||1||||1|||1||1|||||||||||||||||||||1-<             .
   .                                                        <|||||||1111|111|11|11|||||||||||||||||||||-<             .
   .                                                         |DDDDDDDDDDDDDDDDDDDvvvvvvvvvvvvvvvvvvvvvv               .
   .                                                         ^^^^^^^^^^^^^^^^^^^^                                     .
   ....................................................................................................................
   0         0         0         0         0         0         0         0         0         0         1         1   
   0         1         2         3         4         5         6         7         8         9         0         1   
   0         0         0         0         0         0         0         0         0         0         0         0   

rlic: Warning: <Nr0-141c8> has inputs/[debug] outputs, but no label!
rlic: Warning: <Nr0-141c9> has inputs/[debug] outputs, but no label!
rlic: Warning: <Nr0-141c10> has inputs/[debug] outputs, but no label!
rlic: Warning: <Nr0-141c11> has inputs/[debug] outputs, but no label!
rlic: Warning: <Nr0-141c12> has inputs/[debug] outputs, but no label!
rlic: Warning: <Nr0-141c13> has inputs/[debug] outputs, but no label!
rlic: Warning: <Nr0-141c14> has inputs/[debug] outputs, but no label!
rlic: Warning: <Nr0-141c15> has inputs/[debug] outputs, but no label!
rlic: Warning: <Nr0-141c16> has inputs/[debug] outputs, but no label!
rlic: Warning: <Nr0-141c17> has inputs/[debug] outputs, but no label!
rlic: Warning: <Nr0-141c18> has inputs/[debug] outputs, but no label!
rlic: Warning: <Nr0-141c19> has inputs/[debug] outputs, but no label!
rlic: Warning: <Nr0-141c20> has inputs/[debug] outputs, but no label!
rlic: Warning: <Nr0-141c21> has inputs/[debug] outputs, but no label!
rlic: Warning: <Nr0-141c22> has inputs/[debug] outputs, but no label!
rlic: Warning: <Nr0-141c23> has inputs/[debug] outputs, but no label!
rlic: Warning: <Nr0-141c24> has inputs/[debug] outputs, but no label!
rlic: Warning: <Nr0-141c25> has inputs/[debug] outputs, but no label!
rlic: Warning: <Nr0-141c26> has inputs/[debug] outputs, but no label!
rlic: Warning: <Nr0-141c27> has inputs/[debug] outputs, but no label!
rlic: Warning: <Nr0-141c28> has inputs/[debug] outputs, but no label!
rlic: Warning: <Nr0-141c29> has inputs/[debug] outputs, but no label!
rlic: Warning: <Nr0-141c30> has inputs/[debug] outputs, but no label!
rlic: Warning: <Nr0-141c31> has inputs/[debug] outputs, but no label!
rlic: Warning: <Nr0-141c32> has inputs/[debug] outputs, but no label!
rlic: Warning: <Nr0-141c33> has inputs/[debug] outputs, but no label!
rlic: Warning: <Nr0-141c34> has inputs/[debug] outputs, but no label!
rlic: Warning: <Nr0-141c35> has inputs/[debug] outputs, but no label!
rlic: Warning: <Nr0-141c37> has inputs/[debug] outputs, but no label!
rlic: Warning: <Nr0-141c39> has inputs/[debug] outputs, but no label!
rlic: Warning: <Nr0-141c41> has inputs/[debug] outputs, but no label!
rlic: Warning: <Sr223-2c77> has inputs/[debug] outputs, but no label!
rlic: Warning: <Sr223-2c78> has inputs/[debug] outputs, but no label!
rlic: Warning: <Sr223-2c79> has inputs/[debug] outputs, but no label!
rlic: Warning: <Sr223-2c80> has inputs/[debug] outputs, but no label!
rlic: Warning: <Sr223-2c81> has inputs/[debug] outputs, but no label!
rlic: Warning: <Sr223-2c82> has inputs/[debug] outputs, but no label!
rlic: Warning: <Sr223-2c83> has inputs/[debug] outputs, but no label!
rlic: Warning: <Sr223-2c84> has inputs/[debug] outputs, but no label!
rlic: Warning: <Sr223-2c85> has inputs/[debug] outputs, but no label!
rlic: Warning: <Sr223-2c86> has inputs/[debug] outputs, but no label!
rlic: Warning: <Sr223-2c87> has inputs/[debug] outputs, but no label!
rlic: Warning: <Sr223-2c88> has inputs/[debug] outputs, but no label!
rlic: Warning: <Sr223-2c89> has inputs/[debug] outputs, but no label!
rlic: Warning: <Sr223-2c90> has inputs/[debug] outputs, but no label!
rlic: Warning: <Sr223-2c91> has inputs/[debug] outputs, but no label!
rlic: Warning: <Sr223-2c92> has inputs/[debug] outputs, but no label!
rlic: Warning: <Sr223-2c93> has inputs/[debug] outputs, but no label!
rlic: Warning: <Sr223-2c94> has inputs/[debug] outputs, but no label!
rlic: Warning: <Sr223-2c95> has inputs/[debug] outputs, but no label!
rlic: Warning: <Sr223-2c96> has inputs/[debug] outputs, but no label!
rlic: Warning: <Sr223-2c97> has inputs/[debug] outputs, but no label!
rlic: Warning: <Sr223-2c98> has inputs/[debug] outputs, but no label!
rlic: Warning: <Er4c99-44> has inputs/[debug] outputs, but no label!
rlic: Warning: <Er13c99-44> has inputs/[debug] outputs, but no label!
rlic: Warning: <Er22c99-44> has inputs/[debug] outputs, but no label!
rlic: Warning: <Er31c99-44> has inputs/[debug] outputs, but no label!
rlic: Warning: <Er40c99-44> has inputs/[debug] outputs, but no label!
rlic: Warning: <Er49c99-44> has inputs/[debug] outputs, but no label!
rlic: Warning: <Er58c99-44> has inputs/[debug] outputs, but no label!
rlic: Warning: <Er67c99-44> has inputs/[debug] outputs, but no label!
rlic: Warning: <Er76c99-44> has inputs/[debug] outputs, but no label!
rlic: Warning: <Er85c99-44> has inputs/[debug] outputs, but no label!
rlic: Warning: <Er94c99-44> has inputs/[debug] outputs, but no label!
rlic: Warning: <Er103c99-44> has inputs/[debug] outputs, but no label!
rlic: Warning: <Er112c99-44> has inputs/[debug] outputs, but no label!
rlic: Warning: <Er121c99-44> has inputs/[debug] outputs, but no label!
rlic: Warning: <Nr126-139c2> has inputs/[debug] outputs, but no label!
rlic: Warning: <Nr126-139c3> has inputs/[debug] outputs, but no label!
rlic: Warning: <Sr138-126c43> has inputs/[debug] outputs, but no label!
rlic: Warning: <Sr138-126c45> has inputs/[debug] outputs, but no label!
rlic: Warning: <Sr138-126c47> has inputs/[debug] outputs, but no label!
rlic: Warning: <Sr212-126c49> has inputs/[debug] outputs, but no label!
rlic: Warning: <Sr138-126c51> has inputs/[debug] outputs, but no label!
rlic: Warning: <Nr127-139c4> has inputs/[debug] outputs, but no label!
rlic: Warning: <Nr127-139c5> has inputs/[debug] outputs, but no label!
rlic: Warning: <Nr127-139c6> has inputs/[debug] outputs, but no label!
rlic: Warning: <Nr127-139c7> has inputs/[debug] outputs, but no label!
rlic: Warning: <Er128c52-0> has inputs/[debug] outputs, but no label!
rlic: Warning: <Er129c52-0> has inputs/[debug] outputs, but no label!
rlic: Warning: <Er130c52-0> has inputs/[debug] outputs, but no label!
rlic: Warning: <Er131c52-0> has inputs/[debug] outputs, but no label!
rlic: Warning: <Er132c52-0> has inputs/[debug] outputs, but no label!
rlic: Warning: <Wr133c1-53> has inputs/[debug] outputs, but no label!
rlic: Warning: <Wr134c1-53> has inputs/[debug] outputs, but no label!
rlic: Warning: <Wr135c1-53> has inputs/[debug] outputs, but no label!
rlic: Warning: <Wr136c1-53> has inputs/[debug] outputs, but no label!
rlic: Warning: <Wr137c1-53> has inputs/[debug] outputs, but no label!
rlic: Warning: <Nr143-224c58> has inputs/[debug] outputs, but no label!
rlic: Warning: <Nr143-224c59> has inputs/[debug] outputs, but no label!
rlic: Warning: <Nr143-224c60> has inputs/[debug] outputs, but no label!
rlic: Warning: <Nr143-224c61> has inputs/[debug] outputs, but no label!
rlic: Warning: <Nr143-224c62> has inputs/[debug] outputs, but no label!
rlic: Warning: <Nr143-224c63> has inputs/[debug] outputs, but no label!
rlic: Warning: <Nr143-224c64> has inputs/[debug] outputs, but no label!
rlic: Warning: <Nr143-224c65> has inputs/[debug] outputs, but no label!
rlic: Warning: <Nr143-224c66> has inputs/[debug] outputs, but no label!
rlic: Warning: <Nr143-224c67> has inputs/[debug] outputs, but no label!
rlic: Warning: <Nr143-224c68> has inputs/[debug] outputs, but no label!
rlic: Warning: <Nr143-224c69> has inputs/[debug] outputs, but no label!
rlic: Warning: <Nr143-224c70> has inputs/[debug] outputs, but no label!
rlic: Warning: <Nr143-224c71> has inputs/[debug] outputs, but no label!
rlic: Warning: <Nr143-224c72> has inputs/[debug] outputs, but no label!
rlic: Warning: <Nr143-224c73> has inputs/[debug] outputs, but no label!
rlic: Warning: <Nr143-224c74> has inputs/[debug] outputs, but no label!
rlic: Warning: <Nr143-224c75> has inputs/[debug] outputs, but no label!
rlic: Warning: <Nr143-224c76> has inputs/[debug] outputs, but no label!
rlic: Warning: <Er147c112-55> has inputs/[debug] outputs, but no label!
rlic: Warning: <Er148c112-55> has inputs/[debug] outputs, but no label!
rlic: Warning: <Er149c112-55> has inputs/[debug] outputs, but no label!
rlic: Warning: <Er150c112-55> has inputs/[debug] outputs, but no label!
rlic: Warning: <Er151c112-55> has inputs/[debug] outputs, but no label!
rlic: Warning: <Er152c112-55> has inputs/[debug] outputs, but no label!
rlic: Warning: <Er153c112-55> has inputs/[debug] outputs, but no label!
rlic: Warning: <Er154c112-55> has inputs/[debug] outputs, but no label!
rlic: Warning: <Wr155c35-46> has inputs/[debug] outputs, but no label!
rlic: Warning: <Wr156c38-113> has inputs/[debug] outputs, but no label!
rlic: Warning: <Wr164c35-46> has inputs/[debug] outputs, but no label!
rlic: Warning: <Wr165c38-113> has inputs/[debug] outputs, but no label!
rlic: Warning: <Wr173c35-46> has inputs/[debug] outputs, but no label!
rlic: Warning: <Wr174c38-113> has inputs/[debug] outputs, but no label!
rlic: Warning: <Wr182c35-46> has inputs/[debug] outputs, but no label!
rlic: Warning: <Wr183c38-113> has inputs/[debug] outputs, but no label!
rlic: Warning: <Wr191c35-46> has inputs/[debug] outputs, but no label!
rlic: Warning: <Wr192c38-113> has inputs/[debug] outputs, but no label!
rlic: Warning: <Wr200c35-46> has inputs/[debug] outputs, but no label!
rlic: Warning: <Wr201c38-113> has inputs/[debug] outputs, but no label!
rlic: Warning: <Wr209c35-46> has inputs/[debug] outputs, but no label!
rlic: Warning: <Wr210c38-113> has inputs/[debug] outputs, but no label!
rlic: Warning: <Wr213c56-100> has inputs/[debug] outputs, but no label!
rlic: Warning: <Wr214c56-100> has inputs/[debug] outputs, but no label!
rlic: Warning: <Wr215c56-100> has inputs/[debug] outputs, but no label!
rlic: Warning: <Wr216c56-100> has inputs/[debug] outputs, but no label!
rlic: Warning: <Wr217c56-100> has inputs/[debug] outputs, but no label!
rlic: Warning: <Wr218c56-100> has inputs/[debug] outputs, but no label!
rlic: Warning: <Wr219c56-100> has inputs/[debug] outputs, but no label!
rlic: Warning: <Wr220c56-100> has inputs/[debug] outputs, but no label!
Rod Count by (Length, Fan-In, Fan-Out):
(    7,   1,   2):    21
(    7,   3,   1):    21
(    7,   4,   1):    42
(    8,   1,   3):     7
(    8,   3,   1):     7
(    9,   1,   3):    14
(    9,   3,   1):    14
(   11,   1,   3):     7
(   12,   1,   1):     8
(   13,   1,   0):     2
(   13,   1,   3):     7
(   44,   1,   5):     1
(   44,   1,  10):     1
(   44,   2,   6):     2
(   44,   2,   9):     2
(   44,   3,   2):     2
(   44,   3,   3):     1
(   44,   3,   5):     1
(   46,   1,   2):     6
(   46,   1,   3):    14
(   46,   3,   2):     8
(   52,   1,   1):     5
(   52,   1,  32):     4
(   52,   1,  33):     1
(   55,   1,   4):     2
(   55,   1,   6):     4
(   55,   1,   7):     8
(   57,   1,   1):     2
(   57,   1,   2):     5
(   57,   2,   2):     1
(   57,   3,   2):     1
(   57,   4,   2):     2
(   69,   1,   1):     2
(   69,   2,   1):     9
(   75,   1,   2):     3
(   75,   2,   2):     4
(   81,   1,   1):     1
(   81,   2,   1):     9
(   81,   3,   1):     4
(   81,   4,   1):     4
(   81,   5,   1):     2
(   86,   1,   8):     1
(  141,   5,   1):    30
(  141,   5,  15):     1
(  221,   1,   1):     6
(  221,   2,   1):     8
(  221,   3,   1):     8

Rod Count (and # incomplete) by Direction:
    E:    79 (    0)
    S:    87 (    0)
    D:     0 (    0)
    W:    57 (    0)
    N:    92 (    0)
    U:     0 (    0)
Total:   315 (    0)

Earliest input: N
Earliest output: N
Earliest debugOutput: N

